Build started 6/23/2021 12:02:54 PM.
     1>Project "C:\Users\Public\Documents\Optimization_WIP_060121\ARO_Proj\ARO_Project.vcxproj" on node 2 (Build target(s)).
     1>ClCompile:
         C:\Program Files (x86)\Microsoft Visual Studio 12.0\VC\bin\x86_amd64\CL.exe /c /I"C:\Program Files\Point Grey Research\Spinnaker2013\include" /IC:\opencv\build\include /I"C:\Program Files\Meadowlark Optics\Blink OverDrive Plus\SDK" /Zi /nologo /W3 /WX- /sdl /Od /D _WINDOWS /D _DEBUG /D _CRT_SECURE_NO_WARNINGS /D _UNICODE /D UNICODE /D _AFXDLL /Gm /EHsc /RTC1 /MD /GS /fp:precise /Zc:wchar_t /Zc:forScope /Yu"stdafx.h" /Fp"x64\Debug\ARO_Project.pch" /Fo"x64\Debug\\" /Fd"x64\Debug\vc120.pdb" /Gd /TP /errorReport:prompt SGA_Optimization.cpp uGA_Optimization.cpp
         uGA_Optimization.cpp
         SGA_Optimization.cpp
         Generating Code...
       Link:
         C:\Program Files (x86)\Microsoft Visual Studio 12.0\VC\bin\x86_amd64\link.exe /ERRORREPORT:PROMPT /OUT:"C:\Users\Public\Documents\Optimization_WIP_060121\x64\Debug\ARO_Project.exe" /INCREMENTAL /NOLOGO /LIBPATH:"C:\Program Files\Point Grey Research\Spinnaker2013\lib64" /LIBPATH:"C:\Program Files\Point Grey Research\Spinnaker2013\lib64\vs2013" /LIBPATH:C:\opencv\build\x64\vc12\lib /LIBPATH:"C:\Program Files\Meadowlark Optics\Blink OverDrive Plus\SDK" opencv_core248d.lib opencv_imgproc248d.lib opencv_highgui248d.lib Blink_SDK.lib Spinnakerd_v120.lib /MANIFEST /MANIFESTUAC:"level='asInvoker' uiAccess='false'" /manifest:embed /manifestinput:"C:\Program Files (x86)\Microsoft Visual Studio 12.0\VC\Include\Manifest\dpiaware.manifest" /DEBUG /PDB:"C:\Users\Public\Documents\Optimization_WIP_060121\x64\Debug\ARO_Project.pdb" /SUBSYSTEM:WINDOWS /TLBID:1 /ENTRY:"wWinMainCRTStartup" /DYNAMICBASE /NXCOMPAT /IMPLIB:"C:\Users\Public\Documents\Optimization_WIP_060121\x64\Debug\ARO_Project.lib" /MACHINE:X64 x64\Debug\ARO_Project.res
         x64\Debug\AOIControlDialog.obj
         x64\Debug\ARO_App.obj
         x64\Debug\BruteForce_Optimization.obj
         x64\Debug\CameraControlDialog.obj
         x64\Debug\CameraController.obj
         x64\Debug\ImageScaler.obj
         x64\Debug\MainDialog.obj
         x64\Debug\CamDisplay.obj
         x64\Debug\cdib.obj
         x64\Debug\Optimization.obj
         x64\Debug\OptimizationControlDialog.obj
         x64\Debug\SGA_Optimization.obj
         x64\Debug\SLMControlDialog.obj
         x64\Debug\SLMController.obj
         x64\Debug\SLM_Board.obj
         x64\Debug\uGA_Optimization.obj
         x64\Debug\Utility.obj
         x64\Debug\stdafx.obj
         x64\Debug\TimeStamp.obj
         ARO_Project.vcxproj -> C:\Users\Public\Documents\Optimization_WIP_060121\x64\Debug\ARO_Project.exe
     1>Done Building Project "C:\Users\Public\Documents\Optimization_WIP_060121\ARO_Proj\ARO_Project.vcxproj" (Build target(s)).

Build succeeded.

Time Elapsed 00:00:02.21
